The system is: Windows - 10.0.22621 - AMD64
Compiling the C compiler identification source file "CMakeCCompilerId.c" succeeded.
Compiler: C:/Program Files/Microsoft Visual Studio/2022/Community/VC/Tools/MSVC/14.35.32215/bin/Hostx86/x86/cl.exe 
Build flags: 
Id flags:  

The output was:
0
Microsoft (R) C/C++ Optimizing Compiler Version 19.35.32217.1 for x86
Copyright (C) Microsoft Corporation.  All rights reserved.

CMakeCCompilerId.c
Microsoft (R) Incremental Linker Version 14.35.32217.1
Copyright (C) Microsoft Corporation.  All rights reserved.

/out:CMakeCCompilerId.exe 
CMakeCCompilerId.obj 


Compilation of the C compiler identification source "CMakeCCompilerId.c" produced "CMakeCCompilerId.exe"

Compilation of the C compiler identification source "CMakeCCompilerId.c" produced "CMakeCCompilerId.obj"

The C compiler identification is MSVC, found in "C:/Dev/S0012E/Assignment4/S0012E-Engine/cmake-build-release/CMakeFiles/3.25.2/CompilerIdC/CMakeCCompilerId.exe"

Compiling the CXX compiler identification source file "CMakeCXXCompilerId.cpp" succeeded.
Compiler: C:/Program Files/Microsoft Visual Studio/2022/Community/VC/Tools/MSVC/14.35.32215/bin/Hostx86/x86/cl.exe 
Build flags: 
Id flags:  

The output was:
0
Microsoft (R) C/C++ Optimizing Compiler Version 19.35.32217.1 for x86
Copyright (C) Microsoft Corporation.  All rights reserved.

CMakeCXXCompilerId.cpp
Microsoft (R) Incremental Linker Version 14.35.32217.1
Copyright (C) Microsoft Corporation.  All rights reserved.

/out:CMakeCXXCompilerId.exe 
CMakeCXXCompilerId.obj 


Compilation of the CXX compiler identification source "CMakeCXXCompilerId.cpp" produced "CMakeCXXCompilerId.exe"

Compilation of the CXX compiler identification source "CMakeCXXCompilerId.cpp" produced "CMakeCXXCompilerId.obj"

The CXX compiler identification is MSVC, found in "C:/Dev/S0012E/Assignment4/S0012E-Engine/cmake-build-release/CMakeFiles/3.25.2/CompilerIdCXX/CMakeCXXCompilerId.exe"

Detecting C compiler ABI info compiled with the following output:
Change Dir: C:/Dev/S0012E/Assignment4/S0012E-Engine/cmake-build-release/CMakeFiles/CMakeScratch/TryCompile-52l50i

Run Build Command(s):C:/Program Files/JetBrains/CLion 2023.1.1/bin/ninja/win/x64/ninja.exe cmTC_dd408 && [1/2] Building C object CMakeFiles\cmTC_dd408.dir\CMakeCCompilerABI.c.obj
[2/2] Linking C executable cmTC_dd408.exe



Detecting CXX compiler ABI info compiled with the following output:
Change Dir: C:/Dev/S0012E/Assignment4/S0012E-Engine/cmake-build-release/CMakeFiles/CMakeScratch/TryCompile-tn7r25

Run Build Command(s):C:/Program Files/JetBrains/CLion 2023.1.1/bin/ninja/win/x64/ninja.exe cmTC_9d1b2 && [1/2] Building CXX object CMakeFiles\cmTC_9d1b2.dir\CMakeCXXCompilerABI.cpp.obj
[2/2] Linking CXX executable cmTC_9d1b2.exe



